[[1;34mINFO[m] Scanning for projects...
[[1;34mINFO[m] 
[[1;34mINFO[m] [1m-------< [0;36mhu.mta.sztaki.lpds.cloud.simulator:dissect-cf-examples[0;1m >-------[m
[[1;34mINFO[m] [1mBuilding DISSECT-CF-Examples 1.0.3-SNAPSHOT[m
[[1;34mINFO[m] [1m--------------------------------[ jar ]---------------------------------[m
[[1;34mINFO[m] 
[[1;34mINFO[m] [1m--- [0;32mexec-maven-plugin:3.5.0:java[m [1m(default-cli)[m @ [36mdissect-cf-examples[0;1m ---[m
[[1;33mWARNING[m] 
[1;31mjava.lang.ArrayIndexOutOfBoundsException[m: [1;31mIndex 5 out of bounds for length 5[m
    [1mat[m hu.mta.sztaki.lpds.cloud.simulator.examples.custom.SimpleSetupLinear.main ([1mSimpleSetupLinear.java:54[m)
    [1mat[m org.codehaus.mojo.exec.ExecJavaMojo.doMain ([1mExecJavaMojo.java:375[m)
    [1mat[m org.codehaus.mojo.exec.ExecJavaMojo.doExec ([1mExecJavaMojo.java:364[m)
    [1mat[m org.codehaus.mojo.exec.ExecJavaMojo.lambda$execute$0 ([1mExecJavaMojo.java:286[m)
    [1mat[m java.lang.Thread.run ([1mThread.java:1583[m)
[[1;34mINFO[m] [1m------------------------------------------------------------------------[m
[[1;34mINFO[m] [1;31mBUILD FAILURE[m
[[1;34mINFO[m] [1m------------------------------------------------------------------------[m
[[1;34mINFO[m] Total time:  0.693 s
[[1;34mINFO[m] Finished at: 2025-06-18T23:06:09+02:00
[[1;34mINFO[m] [1m------------------------------------------------------------------------[m
[[1;31mERROR[m] Failed to execute goal [32morg.codehaus.mojo:exec-maven-plugin:3.5.0:java[m [1m(default-cli)[m on project [36mdissect-cf-examples[m: [1;31mAn exception occurred while executing the Java class. Index 5 out of bounds for length 5[m -> [1m[Help 1][m
[[1;31mERROR[m] 
[[1;31mERROR[m] To see the full stack trace of the errors, re-run Maven with the [1m-e[m switch.
[[1;31mERROR[m] Re-run Maven using the [1m-X[m switch to enable full debug logging.
[[1;31mERROR[m] 
[[1;31mERROR[m] For more information about the errors and possible solutions, please read the following articles:
[[1;31mERROR[m] [1m[Help 1][m http://cwiki.apache.org/confluence/display/MAVEN/MojoExecutionException
